2020-12-15 20:01:49 e720 [INFO] Deposit transaction on11
2020-12-15 21:02:09 e720 [INFO] Customer kikosi login to system
2020-12-15 21:05:01 e720 [INFO] Customer kikosi login to system
2020-12-15 21:05:50 e720 [INFO] Customer defender login to system
2020-12-15 21:06:23 e720 [INFO] Customer kikosi login to system
2020-12-15 21:49:24 e720 [INFO] Customer protector login to system
2020-12-15 22:00:18 e720 [INFO] Customer protector login to system
2020-12-15 22:02:24 e720 [INFO] Customer protector login to system
2020-12-15 22:03:17 e720 [INFO] Customer protector login to system
2020-12-15 22:03:57 e720 [INFO] Customer protector login to system
2020-12-15 22:04:40 e720 [INFO] Customer protector login to system
2020-12-15 22:05:20 e720 [INFO] Customer protector login to system
2020-12-15 22:06:55 e720 [INFO] Customer protector login to system
2020-12-15 22:07:12 e720 [INFO] Deposit transaction on 21
2020-12-15 22:08:06 e720 [INFO] Withdraw transaction on11
2020-12-15 22:12:17 e720 [INFO] Customer protector login to system
2020-12-15 22:12:33 e720 [INFO] Withdraw transaction on21
2020-12-15 22:17:42 e720 [INFO] Customer protector login to system
2020-12-15 22:18:15 e720 [INFO] Customer kikosi login to system
2020-12-15 22:21:22 e720 [INFO] Customer kikoso login to system
2020-12-15 22:21:45 e720 [INFO] Customer kikosi login to system
2020-12-15 22:24:56 e720 [INFO] Customer kikosi login to system
2020-12-15 22:34:07 e720 [INFO] Customer protector login to system
2020-12-15 22:34:39 e720 [INFO] Insuficient funds to withdraw
2020-12-15 22:39:32 e720 [INFO] Customer tre login to system
2020-12-15 22:45:03 e720 [INFO] Customer protector login to system
2020-12-15 22:45:18 e720 [INFO] Deposit transaction on 11
2020-12-15 22:45:40 e720 [INFO] Insuficient funds to withdraw
2020-12-15 22:46:33 e720 [INFO] Customer kikosi login to system
2020-12-15 22:47:25 e720 [DEBUG] Operation create account failed
2020-12-15 22:58:58 e720 [INFO] Customer user login to system
2020-12-15 23:05:38 e720 [INFO] Customer krystyna login to system
2020-12-15 23:06:21 e720 [INFO] Customer kikosi login to system
2020-12-15 23:06:46 e720 [DEBUG] Operation create account failed
2020-12-15 23:24:12 e720 [INFO] Customer kikosi login to system
